{"C:\\dev\\aulas-gostack\\appgobarber\\src\\pages\\AppointmentCreated\\index.tsx": {"path":"C:\\dev\\aulas-gostack\\appgobarber\\src\\pages\\AppointmentCreated\\index.tsx","statementMap":{"0":{"start":{"line":19,"column":37},"end":{"line":56,"column":1}},"1":{"start":{"line":20,"column":20},"end":{"line":20,"column":35}},"2":{"start":{"line":21,"column":21},"end":{"line":21,"column":31}},"3":{"start":{"line":23,"column":22},"end":{"line":23,"column":43}},"4":{"start":{"line":25,"column":26},"end":{"line":34,"column":13}},"5":{"start":{"line":26,"column":4},"end":{"line":33,"column":7}},"6":{"start":{"line":36,"column":24},"end":{"line":44,"column":24}},"7":{"start":{"line":37,"column":4},"end":{"line":43,"column":6}},"8":{"start":{"line":46,"column":2},"end":{"line":55,"column":4}}},"fnMap":{"0":{"name":"(anonymous_0)","decl":{"start":{"line":19,"column":37},"end":{"line":19,"column":38}},"loc":{"start":{"line":19,"column":43},"end":{"line":56,"column":1}},"line":19},"1":{"name":"(anonymous_1)","decl":{"start":{"line":25,"column":38},"end":{"line":25,"column":39}},"loc":{"start":{"line":25,"column":44},"end":{"line":34,"column":3}},"line":25},"2":{"name":"(anonymous_2)","decl":{"start":{"line":36,"column":32},"end":{"line":36,"column":33}},"loc":{"start":{"line":36,"column":38},"end":{"line":44,"column":3}},"line":36}},"branchMap":{},"s":{"0":0,"1":0,"2":0,"3":0,"4":0,"5":0,"6":0,"7":0,"8":0},"f":{"0":0,"1":0,"2":0},"b":{}}
,"C:\\dev\\aulas-gostack\\appgobarber\\src\\pages\\CreateAppointment\\index.tsx": {"path":"C:\\dev\\aulas-gostack\\appgobarber\\src\\pages\\CreateAppointment\\index.tsx","statementMap":{"0":{"start":{"line":51,"column":36},"end":{"line":256,"column":1}},"1":{"start":{"line":52,"column":16},"end":{"line":52,"column":26}},"2":{"start":{"line":53,"column":25},"end":{"line":53,"column":52}},"3":{"start":{"line":55,"column":46},"end":{"line":55,"column":61}},"4":{"start":{"line":56,"column":42},"end":{"line":56,"column":62}},"5":{"start":{"line":57,"column":42},"end":{"line":57,"column":53}},"6":{"start":{"line":58,"column":36},"end":{"line":58,"column":60}},"7":{"start":{"line":59,"column":50},"end":{"line":59,"column":70}},"8":{"start":{"line":60,"column":42},"end":{"line":60,"column":74}},"9":{"start":{"line":62,"column":19},"end":{"line":62,"column":28}},"10":{"start":{"line":63,"column":31},"end":{"line":63,"column":46}},"11":{"start":{"line":65,"column":2},"end":{"line":67,"column":9}},"12":{"start":{"line":66,"column":4},"end":{"line":66,"column":72}},"13":{"start":{"line":66,"column":43},"end":{"line":66,"column":70}},"14":{"start":{"line":69,"column":2},"end":{"line":79,"column":39}},"15":{"start":{"line":70,"column":4},"end":{"line":78,"column":56}},"16":{"start":{"line":78,"column":24},"end":{"line":78,"column":54}},"17":{"start":{"line":81,"column":23},"end":{"line":83,"column":14}},"18":{"start":{"line":82,"column":4},"end":{"line":82,"column":13}},"19":{"start":{"line":85,"column":33},"end":{"line":87,"column":8}},"20":{"start":{"line":86,"column":4},"end":{"line":86,"column":36}},"21":{"start":{"line":89,"column":33},"end":{"line":91,"column":8}},"22":{"start":{"line":90,"column":4},"end":{"line":90,"column":39}},"23":{"start":{"line":90,"column":31},"end":{"line":90,"column":37}},"24":{"start":{"line":93,"column":28},"end":{"line":104,"column":3}},"25":{"start":{"line":95,"column":6},"end":{"line":97,"column":7}},"26":{"start":{"line":96,"column":8},"end":{"line":96,"column":33}},"27":{"start":{"line":99,"column":6},"end":{"line":101,"column":7}},"28":{"start":{"line":100,"column":8},"end":{"line":100,"column":30}},"29":{"start":{"line":106,"column":27},"end":{"line":108,"column":8}},"30":{"start":{"line":107,"column":4},"end":{"line":107,"column":26}},"31":{"start":{"line":110,"column":34},"end":{"line":129,"column":62}},"32":{"start":{"line":111,"column":4},"end":{"line":128,"column":5}},"33":{"start":{"line":112,"column":19},"end":{"line":112,"column":41}},"34":{"start":{"line":114,"column":6},"end":{"line":114,"column":34}},"35":{"start":{"line":115,"column":6},"end":{"line":115,"column":25}},"36":{"start":{"line":117,"column":6},"end":{"line":120,"column":9}},"37":{"start":{"line":122,"column":6},"end":{"line":122,"column":63}},"38":{"start":{"line":124,"column":6},"end":{"line":127,"column":8}},"39":{"start":{"line":131,"column":30},"end":{"line":141,"column":20}},"40":{"start":{"line":132,"column":4},"end":{"line":140,"column":9}},"41":{"start":{"line":133,"column":28},"end":{"line":133,"column":37}},"42":{"start":{"line":135,"column":8},"end":{"line":139,"column":10}},"43":{"start":{"line":143,"column":32},"end":{"line":153,"column":20}},"44":{"start":{"line":144,"column":4},"end":{"line":152,"column":9}},"45":{"start":{"line":145,"column":28},"end":{"line":145,"column":38}},"46":{"start":{"line":147,"column":8},"end":{"line":151,"column":10}},"47":{"start":{"line":155,"column":2},"end":{"line":255,"column":4}},"48":{"start":{"line":171,"column":38},"end":{"line":171,"column":49}},"49":{"start":{"line":173,"column":14},"end":{"line":181,"column":34}},"50":{"start":{"line":174,"column":31},"end":{"line":174,"column":66}},"51":{"start":{"line":213,"column":16},"end":{"line":223,"column":23}},"52":{"start":{"line":215,"column":33},"end":{"line":215,"column":55}},"53":{"start":{"line":233,"column":18},"end":{"line":243,"column":25}},"54":{"start":{"line":235,"column":35},"end":{"line":235,"column":57}}},"fnMap":{"0":{"name":"(anonymous_0)","decl":{"start":{"line":51,"column":36},"end":{"line":51,"column":37}},"loc":{"start":{"line":51,"column":42},"end":{"line":256,"column":1}},"line":51},"1":{"name":"(anonymous_1)","decl":{"start":{"line":65,"column":12},"end":{"line":65,"column":13}},"loc":{"start":{"line":65,"column":18},"end":{"line":67,"column":3}},"line":65},"2":{"name":"(anonymous_2)","decl":{"start":{"line":66,"column":31},"end":{"line":66,"column":32}},"loc":{"start":{"line":66,"column":43},"end":{"line":66,"column":70}},"line":66},"3":{"name":"(anonymous_3)","decl":{"start":{"line":69,"column":12},"end":{"line":69,"column":13}},"loc":{"start":{"line":69,"column":18},"end":{"line":79,"column":3}},"line":69},"4":{"name":"(anonymous_4)","decl":{"start":{"line":78,"column":12},"end":{"line":78,"column":13}},"loc":{"start":{"line":78,"column":24},"end":{"line":78,"column":54}},"line":78},"5":{"name":"(anonymous_5)","decl":{"start":{"line":81,"column":35},"end":{"line":81,"column":36}},"loc":{"start":{"line":81,"column":41},"end":{"line":83,"column":3}},"line":81},"6":{"name":"(anonymous_6)","decl":{"start":{"line":85,"column":45},"end":{"line":85,"column":46}},"loc":{"start":{"line":85,"column":69},"end":{"line":87,"column":3}},"line":85},"7":{"name":"(anonymous_7)","decl":{"start":{"line":89,"column":45},"end":{"line":89,"column":46}},"loc":{"start":{"line":89,"column":51},"end":{"line":91,"column":3}},"line":89},"8":{"name":"(anonymous_8)","decl":{"start":{"line":90,"column":22},"end":{"line":90,"column":23}},"loc":{"start":{"line":90,"column":31},"end":{"line":90,"column":37}},"line":90},"9":{"name":"(anonymous_9)","decl":{"start":{"line":94,"column":4},"end":{"line":94,"column":5}},"loc":{"start":{"line":94,"column":44},"end":{"line":102,"column":5}},"line":94},"10":{"name":"(anonymous_10)","decl":{"start":{"line":106,"column":39},"end":{"line":106,"column":40}},"loc":{"start":{"line":106,"column":57},"end":{"line":108,"column":3}},"line":106},"11":{"name":"(anonymous_11)","decl":{"start":{"line":110,"column":46},"end":{"line":110,"column":47}},"loc":{"start":{"line":110,"column":58},"end":{"line":129,"column":3}},"line":110},"12":{"name":"(anonymous_12)","decl":{"start":{"line":131,"column":38},"end":{"line":131,"column":39}},"loc":{"start":{"line":131,"column":44},"end":{"line":141,"column":3}},"line":131},"13":{"name":"(anonymous_13)","decl":{"start":{"line":133,"column":14},"end":{"line":133,"column":15}},"loc":{"start":{"line":133,"column":28},"end":{"line":133,"column":37}},"line":133},"14":{"name":"(anonymous_14)","decl":{"start":{"line":134,"column":11},"end":{"line":134,"column":12}},"loc":{"start":{"line":134,"column":36},"end":{"line":140,"column":7}},"line":134},"15":{"name":"(anonymous_15)","decl":{"start":{"line":143,"column":40},"end":{"line":143,"column":41}},"loc":{"start":{"line":143,"column":46},"end":{"line":153,"column":3}},"line":143},"16":{"name":"(anonymous_16)","decl":{"start":{"line":145,"column":14},"end":{"line":145,"column":15}},"loc":{"start":{"line":145,"column":28},"end":{"line":145,"column":38}},"line":145},"17":{"name":"(anonymous_17)","decl":{"start":{"line":146,"column":11},"end":{"line":146,"column":12}},"loc":{"start":{"line":146,"column":36},"end":{"line":152,"column":7}},"line":146},"18":{"name":"(anonymous_18)","decl":{"start":{"line":171,"column":26},"end":{"line":171,"column":27}},"loc":{"start":{"line":171,"column":38},"end":{"line":171,"column":49}},"line":171},"19":{"name":"(anonymous_19)","decl":{"start":{"line":172,"column":24},"end":{"line":172,"column":25}},"loc":{"start":{"line":173,"column":14},"end":{"line":181,"column":34}},"line":173},"20":{"name":"(anonymous_20)","decl":{"start":{"line":174,"column":25},"end":{"line":174,"column":26}},"loc":{"start":{"line":174,"column":31},"end":{"line":174,"column":66}},"line":174},"21":{"name":"(anonymous_21)","decl":{"start":{"line":212,"column":39},"end":{"line":212,"column":40}},"loc":{"start":{"line":213,"column":16},"end":{"line":223,"column":23}},"line":213},"22":{"name":"(anonymous_22)","decl":{"start":{"line":215,"column":27},"end":{"line":215,"column":28}},"loc":{"start":{"line":215,"column":33},"end":{"line":215,"column":55}},"line":215},"23":{"name":"(anonymous_23)","decl":{"start":{"line":232,"column":16},"end":{"line":232,"column":17}},"loc":{"start":{"line":233,"column":18},"end":{"line":243,"column":25}},"line":233},"24":{"name":"(anonymous_24)","decl":{"start":{"line":235,"column":29},"end":{"line":235,"column":30}},"loc":{"start":{"line":235,"column":35},"end":{"line":235,"column":57}},"line":235}},"branchMap":{"0":{"loc":{"start":{"line":95,"column":6},"end":{"line":97,"column":7}},"type":"if","locations":[{"start":{"line":95,"column":6},"end":{"line":97,"column":7}},{"start":{"line":95,"column":6},"end":{"line":97,"column":7}}],"line":95},"1":{"loc":{"start":{"line":99,"column":6},"end":{"line":101,"column":7}},"type":"if","locations":[{"start":{"line":99,"column":6},"end":{"line":101,"column":7}},{"start":{"line":99,"column":6},"end":{"line":101,"column":7}}],"line":99},"2":{"loc":{"start":{"line":195,"column":11},"end":{"line":203,"column":11}},"type":"binary-expr","locations":[{"start":{"line":195,"column":11},"end":{"line":195,"column":25}},{"start":{"line":196,"column":12},"end":{"line":202,"column":14}}],"line":195}},"s":{"0":0,"1":0,"2":0,"3":0,"4":0,"5":0,"6":0,"7":0,"8":0,"9":0,"10":0,"11":0,"12":0,"13":0,"14":0,"15":0,"16":0,"17":0,"18":0,"19":0,"20":0,"21":0,"22":0,"23":0,"24":0,"25":0,"26":0,"27":0,"28":0,"29":0,"30":0,"31":0,"32":0,"33":0,"34":0,"35":0,"36":0,"37":0,"38":0,"39":0,"40":0,"41":0,"42":0,"43":0,"44":0,"45":0,"46":0,"47":0,"48":0,"49":0,"50":0,"51":0,"52":0,"53":0,"54":0},"f":{"0":0,"1":0,"2":0,"3":0,"4":0,"5":0,"6":0,"7":0,"8":0,"9":0,"10":0,"11":0,"12":0,"13":0,"14":0,"15":0,"16":0,"17":0,"18":0,"19":0,"20":0,"21":0,"22":0,"23":0,"24":0},"b":{"0":[0,0],"1":[0,0],"2":[0,0]}}
,"C:\\dev\\aulas-gostack\\appgobarber\\src\\pages\\Dashboard\\index.tsx": {"path":"C:\\dev\\aulas-gostack\\appgobarber\\src\\pages\\Dashboard\\index.tsx","statementMap":{"0":{"start":{"line":31,"column":28},"end":{"line":93,"column":1}},"1":{"start":{"line":32,"column":36},"end":{"line":32,"column":60}},"2":{"start":{"line":33,"column":19},"end":{"line":33,"column":28}},"3":{"start":{"line":34,"column":23},"end":{"line":34,"column":38}},"4":{"start":{"line":36,"column":28},"end":{"line":38,"column":16}},"5":{"start":{"line":37,"column":4},"end":{"line":37,"column":24}},"6":{"start":{"line":40,"column":38},"end":{"line":45,"column":3}},"7":{"start":{"line":42,"column":6},"end":{"line":42,"column":52}},"8":{"start":{"line":47,"column":2},"end":{"line":49,"column":9}},"9":{"start":{"line":48,"column":4},"end":{"line":48,"column":72}},"10":{"start":{"line":48,"column":43},"end":{"line":48,"column":70}},"11":{"start":{"line":51,"column":2},"end":{"line":92,"column":4}},"12":{"start":{"line":67,"column":34},"end":{"line":67,"column":45}},"13":{"start":{"line":72,"column":10},"end":{"line":88,"column":30}},"14":{"start":{"line":73,"column":27},"end":{"line":73,"column":67}}},"fnMap":{"0":{"name":"(anonymous_0)","decl":{"start":{"line":31,"column":28},"end":{"line":31,"column":29}},"loc":{"start":{"line":31,"column":34},"end":{"line":93,"column":1}},"line":31},"1":{"name":"(anonymous_1)","decl":{"start":{"line":36,"column":40},"end":{"line":36,"column":41}},"loc":{"start":{"line":36,"column":46},"end":{"line":38,"column":3}},"line":36},"2":{"name":"(anonymous_2)","decl":{"start":{"line":41,"column":4},"end":{"line":41,"column":5}},"loc":{"start":{"line":41,"column":28},"end":{"line":43,"column":5}},"line":41},"3":{"name":"(anonymous_3)","decl":{"start":{"line":47,"column":12},"end":{"line":47,"column":13}},"loc":{"start":{"line":47,"column":18},"end":{"line":49,"column":3}},"line":47},"4":{"name":"(anonymous_4)","decl":{"start":{"line":48,"column":31},"end":{"line":48,"column":32}},"loc":{"start":{"line":48,"column":43},"end":{"line":48,"column":70}},"line":48},"5":{"name":"(anonymous_5)","decl":{"start":{"line":67,"column":22},"end":{"line":67,"column":23}},"loc":{"start":{"line":67,"column":34},"end":{"line":67,"column":45}},"line":67},"6":{"name":"(anonymous_6)","decl":{"start":{"line":71,"column":20},"end":{"line":71,"column":21}},"loc":{"start":{"line":72,"column":10},"end":{"line":88,"column":30}},"line":72},"7":{"name":"(anonymous_7)","decl":{"start":{"line":73,"column":21},"end":{"line":73,"column":22}},"loc":{"start":{"line":73,"column":27},"end":{"line":73,"column":67}},"line":73}},"branchMap":{},"s":{"0":0,"1":0,"2":0,"3":0,"4":0,"5":0,"6":0,"7":0,"8":0,"9":0,"10":0,"11":0,"12":0,"13":0,"14":0},"f":{"0":0,"1":0,"2":0,"3":0,"4":0,"5":0,"6":0,"7":0},"b":{}}
,"C:\\dev\\aulas-gostack\\appgobarber\\src\\pages\\Profile\\index.tsx": {"path":"C:\\dev\\aulas-gostack\\appgobarber\\src\\pages\\Profile\\index.tsx","statementMap":{"0":{"start":{"line":45,"column":26},"end":{"line":266,"column":1}},"1":{"start":{"line":46,"column":31},"end":{"line":46,"column":40}},"2":{"start":{"line":48,"column":18},"end":{"line":48,"column":43}},"3":{"start":{"line":49,"column":21},"end":{"line":49,"column":36}},"4":{"start":{"line":51,"column":24},"end":{"line":51,"column":47}},"5":{"start":{"line":52,"column":27},"end":{"line":52,"column":50}},"6":{"start":{"line":53,"column":30},"end":{"line":53,"column":53}},"7":{"start":{"line":54,"column":34},"end":{"line":54,"column":57}},"8":{"start":{"line":56,"column":30},"end":{"line":126,"column":3}},"9":{"start":{"line":58,"column":6},"end":{"line":123,"column":7}},"10":{"start":{"line":59,"column":8},"end":{"line":59,"column":39}},"11":{"start":{"line":61,"column":23},"end":{"line":78,"column":10}},"12":{"start":{"line":68,"column":23},"end":{"line":68,"column":35}},"13":{"start":{"line":80,"column":8},"end":{"line":82,"column":11}},"14":{"start":{"line":90,"column":12},"end":{"line":90,"column":16}},"15":{"start":{"line":92,"column":25},"end":{"line":102,"column":9}},"16":{"start":{"line":104,"column":25},"end":{"line":104,"column":60}},"17":{"start":{"line":106,"column":8},"end":{"line":106,"column":34}},"18":{"start":{"line":108,"column":8},"end":{"line":108,"column":54}},"19":{"start":{"line":110,"column":8},"end":{"line":110,"column":28}},"20":{"start":{"line":112,"column":8},"end":{"line":117,"column":9}},"21":{"start":{"line":113,"column":25},"end":{"line":113,"column":49}},"22":{"start":{"line":114,"column":10},"end":{"line":114,"column":45}},"23":{"start":{"line":116,"column":10},"end":{"line":116,"column":17}},"24":{"start":{"line":119,"column":8},"end":{"line":122,"column":10}},"25":{"start":{"line":128,"column":23},"end":{"line":130,"column":18}},"26":{"start":{"line":129,"column":4},"end":{"line":129,"column":24}},"27":{"start":{"line":132,"column":29},"end":{"line":161,"column":27}},"28":{"start":{"line":133,"column":4},"end":{"line":160,"column":6}},"29":{"start":{"line":141,"column":8},"end":{"line":143,"column":9}},"30":{"start":{"line":142,"column":10},"end":{"line":142,"column":17}},"31":{"start":{"line":144,"column":8},"end":{"line":146,"column":9}},"32":{"start":{"line":145,"column":10},"end":{"line":145,"column":67}},"33":{"start":{"line":148,"column":21},"end":{"line":148,"column":35}},"34":{"start":{"line":150,"column":8},"end":{"line":154,"column":11}},"35":{"start":{"line":156,"column":8},"end":{"line":158,"column":11}},"36":{"start":{"line":157,"column":10},"end":{"line":157,"column":39}},"37":{"start":{"line":163,"column":2},"end":{"line":265,"column":4}},"38":{"start":{"line":195,"column":16},"end":{"line":195,"column":47}},"39":{"start":{"line":208,"column":16},"end":{"line":208,"column":53}},"40":{"start":{"line":222,"column":16},"end":{"line":222,"column":50}},"41":{"start":{"line":236,"column":16},"end":{"line":236,"column":57}},"42":{"start":{"line":250,"column":16},"end":{"line":250,"column":46}},"43":{"start":{"line":255,"column":16},"end":{"line":255,"column":46}}},"fnMap":{"0":{"name":"(anonymous_0)","decl":{"start":{"line":45,"column":26},"end":{"line":45,"column":27}},"loc":{"start":{"line":45,"column":32},"end":{"line":266,"column":1}},"line":45},"1":{"name":"(anonymous_1)","decl":{"start":{"line":57,"column":4},"end":{"line":57,"column":5}},"loc":{"start":{"line":57,"column":37},"end":{"line":124,"column":5}},"line":57},"2":{"name":"(anonymous_2)","decl":{"start":{"line":68,"column":16},"end":{"line":68,"column":17}},"loc":{"start":{"line":68,"column":23},"end":{"line":68,"column":35}},"line":68},"3":{"name":"(anonymous_3)","decl":{"start":{"line":128,"column":35},"end":{"line":128,"column":36}},"loc":{"start":{"line":128,"column":41},"end":{"line":130,"column":3}},"line":128},"4":{"name":"(anonymous_4)","decl":{"start":{"line":132,"column":41},"end":{"line":132,"column":42}},"loc":{"start":{"line":132,"column":47},"end":{"line":161,"column":3}},"line":132},"5":{"name":"(anonymous_5)","decl":{"start":{"line":140,"column":6},"end":{"line":140,"column":7}},"loc":{"start":{"line":140,"column":18},"end":{"line":159,"column":7}},"line":140},"6":{"name":"(anonymous_6)","decl":{"start":{"line":156,"column":46},"end":{"line":156,"column":47}},"loc":{"start":{"line":156,"column":61},"end":{"line":158,"column":9}},"line":156},"7":{"name":"(anonymous_7)","decl":{"start":{"line":194,"column":31},"end":{"line":194,"column":32}},"loc":{"start":{"line":194,"column":37},"end":{"line":196,"column":15}},"line":194},"8":{"name":"(anonymous_8)","decl":{"start":{"line":207,"column":31},"end":{"line":207,"column":32}},"loc":{"start":{"line":207,"column":37},"end":{"line":209,"column":15}},"line":207},"9":{"name":"(anonymous_9)","decl":{"start":{"line":221,"column":31},"end":{"line":221,"column":32}},"loc":{"start":{"line":221,"column":37},"end":{"line":223,"column":15}},"line":221},"10":{"name":"(anonymous_10)","decl":{"start":{"line":235,"column":31},"end":{"line":235,"column":32}},"loc":{"start":{"line":235,"column":37},"end":{"line":237,"column":15}},"line":235},"11":{"name":"(anonymous_11)","decl":{"start":{"line":249,"column":31},"end":{"line":249,"column":32}},"loc":{"start":{"line":249,"column":37},"end":{"line":251,"column":15}},"line":249},"12":{"name":"(anonymous_12)","decl":{"start":{"line":254,"column":23},"end":{"line":254,"column":24}},"loc":{"start":{"line":254,"column":29},"end":{"line":256,"column":15}},"line":254}},"branchMap":{"0":{"loc":{"start":{"line":95,"column":14},"end":{"line":101,"column":16}},"type":"cond-expr","locations":[{"start":{"line":96,"column":14},"end":{"line":100,"column":13}},{"start":{"line":101,"column":14},"end":{"line":101,"column":16}}],"line":95},"1":{"loc":{"start":{"line":112,"column":8},"end":{"line":117,"column":9}},"type":"if","locations":[{"start":{"line":112,"column":8},"end":{"line":117,"column":9}},{"start":{"line":112,"column":8},"end":{"line":117,"column":9}}],"line":112},"2":{"loc":{"start":{"line":141,"column":8},"end":{"line":143,"column":9}},"type":"if","locations":[{"start":{"line":141,"column":8},"end":{"line":143,"column":9}},{"start":{"line":141,"column":8},"end":{"line":143,"column":9}}],"line":141},"3":{"loc":{"start":{"line":144,"column":8},"end":{"line":146,"column":9}},"type":"if","locations":[{"start":{"line":144,"column":8},"end":{"line":146,"column":9}},{"start":{"line":144,"column":8},"end":{"line":146,"column":9}}],"line":144},"4":{"loc":{"start":{"line":166,"column":18},"end":{"line":166,"column":63}},"type":"cond-expr","locations":[{"start":{"line":166,"column":42},"end":{"line":166,"column":51}},{"start":{"line":166,"column":54},"end":{"line":166,"column":63}}],"line":166}},"s":{"0":0,"1":0,"2":0,"3":0,"4":0,"5":0,"6":0,"7":0,"8":0,"9":0,"10":0,"11":0,"12":0,"13":0,"14":0,"15":0,"16":0,"17":0,"18":0,"19":0,"20":0,"21":0,"22":0,"23":0,"24":0,"25":0,"26":0,"27":0,"28":0,"29":0,"30":0,"31":0,"32":0,"33":0,"34":0,"35":0,"36":0,"37":0,"38":0,"39":0,"40":0,"41":0,"42":0,"43":0},"f":{"0":0,"1":0,"2":0,"3":0,"4":0,"5":0,"6":0,"7":0,"8":0,"9":0,"10":0,"11":0,"12":0},"b":{"0":[0,0],"1":[0,0],"2":[0,0],"3":[0,0],"4":[0,0]}}
,"C:\\dev\\aulas-gostack\\appgobarber\\src\\pages\\SignIn\\index.tsx": {"path":"C:\\dev\\aulas-gostack\\appgobarber\\src\\pages\\SignIn\\index.tsx","statementMap":{"0":{"start":{"line":42,"column":25},"end":{"line":155,"column":1}},"1":{"start":{"line":43,"column":18},"end":{"line":43,"column":43}},"2":{"start":{"line":44,"column":21},"end":{"line":44,"column":36}},"3":{"start":{"line":45,"column":27},"end":{"line":45,"column":50}},"4":{"start":{"line":47,"column":27},"end":{"line":47,"column":36}},"5":{"start":{"line":49,"column":2},"end":{"line":49,"column":20}},"6":{"start":{"line":51,"column":23},"end":{"line":86,"column":3}},"7":{"start":{"line":53,"column":6},"end":{"line":53,"column":37}},"8":{"start":{"line":55,"column":6},"end":{"line":83,"column":7}},"9":{"start":{"line":56,"column":23},"end":{"line":61,"column":10}},"10":{"start":{"line":63,"column":8},"end":{"line":65,"column":11}},"11":{"start":{"line":67,"column":8},"end":{"line":70,"column":11}},"12":{"start":{"line":72,"column":8},"end":{"line":77,"column":9}},"13":{"start":{"line":73,"column":25},"end":{"line":73,"column":49}},"14":{"start":{"line":74,"column":10},"end":{"line":74,"column":45}},"15":{"start":{"line":76,"column":10},"end":{"line":76,"column":17}},"16":{"start":{"line":79,"column":8},"end":{"line":82,"column":10}},"17":{"start":{"line":88,"column":2},"end":{"line":154,"column":4}},"18":{"start":{"line":116,"column":16},"end":{"line":116,"column":50}},"19":{"start":{"line":127,"column":16},"end":{"line":127,"column":46}},"20":{"start":{"line":132,"column":16},"end":{"line":132,"column":46}},"21":{"start":{"line":141,"column":14},"end":{"line":141,"column":46}},"22":{"start":{"line":149,"column":42},"end":{"line":149,"column":71}}},"fnMap":{"0":{"name":"(anonymous_0)","decl":{"start":{"line":42,"column":25},"end":{"line":42,"column":26}},"loc":{"start":{"line":42,"column":31},"end":{"line":155,"column":1}},"line":42},"1":{"name":"(anonymous_1)","decl":{"start":{"line":52,"column":4},"end":{"line":52,"column":5}},"loc":{"start":{"line":52,"column":32},"end":{"line":84,"column":5}},"line":52},"2":{"name":"(anonymous_2)","decl":{"start":{"line":115,"column":31},"end":{"line":115,"column":32}},"loc":{"start":{"line":115,"column":37},"end":{"line":117,"column":15}},"line":115},"3":{"name":"(anonymous_3)","decl":{"start":{"line":126,"column":31},"end":{"line":126,"column":32}},"loc":{"start":{"line":126,"column":37},"end":{"line":128,"column":15}},"line":126},"4":{"name":"(anonymous_4)","decl":{"start":{"line":131,"column":23},"end":{"line":131,"column":24}},"loc":{"start":{"line":131,"column":29},"end":{"line":133,"column":15}},"line":131},"5":{"name":"(anonymous_5)","decl":{"start":{"line":140,"column":21},"end":{"line":140,"column":22}},"loc":{"start":{"line":140,"column":27},"end":{"line":142,"column":13}},"line":140},"6":{"name":"(anonymous_6)","decl":{"start":{"line":149,"column":36},"end":{"line":149,"column":37}},"loc":{"start":{"line":149,"column":42},"end":{"line":149,"column":71}},"line":149}},"branchMap":{"0":{"loc":{"start":{"line":72,"column":8},"end":{"line":77,"column":9}},"type":"if","locations":[{"start":{"line":72,"column":8},"end":{"line":77,"column":9}},{"start":{"line":72,"column":8},"end":{"line":77,"column":9}}],"line":72},"1":{"loc":{"start":{"line":91,"column":18},"end":{"line":91,"column":63}},"type":"cond-expr","locations":[{"start":{"line":91,"column":42},"end":{"line":91,"column":51}},{"start":{"line":91,"column":54},"end":{"line":91,"column":63}}],"line":91}},"s":{"0":1,"1":1,"2":1,"3":1,"4":1,"5":1,"6":1,"7":0,"8":0,"9":0,"10":0,"11":0,"12":0,"13":0,"14":0,"15":0,"16":0,"17":1,"18":0,"19":0,"20":0,"21":0,"22":0},"f":{"0":1,"1":0,"2":0,"3":0,"4":0,"5":0,"6":0},"b":{"0":[0,0],"1":[1,0]},"_coverageSchema":"1a1c01bbd47fc00a2c39e90264f33305004495a9","hash":"04def9d259a41e638a05a531e1adda2c1a689e40"}
,"C:\\dev\\aulas-gostack\\appgobarber\\src\\pages\\SignUp\\index.tsx": {"path":"C:\\dev\\aulas-gostack\\appgobarber\\src\\pages\\SignUp\\index.tsx","statementMap":{"0":{"start":{"line":34,"column":25},"end":{"line":151,"column":1}},"1":{"start":{"line":35,"column":18},"end":{"line":35,"column":43}},"2":{"start":{"line":36,"column":21},"end":{"line":36,"column":36}},"3":{"start":{"line":38,"column":24},"end":{"line":38,"column":47}},"4":{"start":{"line":39,"column":27},"end":{"line":39,"column":50}},"5":{"start":{"line":41,"column":23},"end":{"line":81,"column":3}},"6":{"start":{"line":43,"column":6},"end":{"line":43,"column":37}},"7":{"start":{"line":45,"column":6},"end":{"line":78,"column":7}},"8":{"start":{"line":46,"column":23},"end":{"line":52,"column":10}},"9":{"start":{"line":54,"column":8},"end":{"line":56,"column":11}},"10":{"start":{"line":58,"column":8},"end":{"line":58,"column":39}},"11":{"start":{"line":60,"column":8},"end":{"line":63,"column":10}},"12":{"start":{"line":65,"column":8},"end":{"line":65,"column":28}},"13":{"start":{"line":67,"column":8},"end":{"line":72,"column":9}},"14":{"start":{"line":68,"column":25},"end":{"line":68,"column":49}},"15":{"start":{"line":69,"column":10},"end":{"line":69,"column":45}},"16":{"start":{"line":71,"column":10},"end":{"line":71,"column":17}},"17":{"start":{"line":74,"column":8},"end":{"line":77,"column":10}},"18":{"start":{"line":83,"column":2},"end":{"line":150,"column":4}},"19":{"start":{"line":105,"column":16},"end":{"line":105,"column":47}},"20":{"start":{"line":118,"column":16},"end":{"line":118,"column":50}},"21":{"start":{"line":131,"column":16},"end":{"line":131,"column":46}},"22":{"start":{"line":136,"column":16},"end":{"line":136,"column":46}},"23":{"start":{"line":145,"column":35},"end":{"line":145,"column":54}}},"fnMap":{"0":{"name":"(anonymous_0)","decl":{"start":{"line":34,"column":25},"end":{"line":34,"column":26}},"loc":{"start":{"line":34,"column":31},"end":{"line":151,"column":1}},"line":34},"1":{"name":"(anonymous_1)","decl":{"start":{"line":42,"column":4},"end":{"line":42,"column":5}},"loc":{"start":{"line":42,"column":36},"end":{"line":79,"column":5}},"line":42},"2":{"name":"(anonymous_2)","decl":{"start":{"line":104,"column":31},"end":{"line":104,"column":32}},"loc":{"start":{"line":104,"column":37},"end":{"line":106,"column":15}},"line":104},"3":{"name":"(anonymous_3)","decl":{"start":{"line":117,"column":31},"end":{"line":117,"column":32}},"loc":{"start":{"line":117,"column":37},"end":{"line":119,"column":15}},"line":117},"4":{"name":"(anonymous_4)","decl":{"start":{"line":130,"column":31},"end":{"line":130,"column":32}},"loc":{"start":{"line":130,"column":37},"end":{"line":132,"column":15}},"line":130},"5":{"name":"(anonymous_5)","decl":{"start":{"line":135,"column":23},"end":{"line":135,"column":24}},"loc":{"start":{"line":135,"column":29},"end":{"line":137,"column":15}},"line":135},"6":{"name":"(anonymous_6)","decl":{"start":{"line":145,"column":29},"end":{"line":145,"column":30}},"loc":{"start":{"line":145,"column":35},"end":{"line":145,"column":54}},"line":145}},"branchMap":{"0":{"loc":{"start":{"line":67,"column":8},"end":{"line":72,"column":9}},"type":"if","locations":[{"start":{"line":67,"column":8},"end":{"line":72,"column":9}},{"start":{"line":67,"column":8},"end":{"line":72,"column":9}}],"line":67},"1":{"loc":{"start":{"line":86,"column":18},"end":{"line":86,"column":63}},"type":"cond-expr","locations":[{"start":{"line":86,"column":42},"end":{"line":86,"column":51}},{"start":{"line":86,"column":54},"end":{"line":86,"column":63}}],"line":86}},"s":{"0":0,"1":0,"2":0,"3":0,"4":0,"5":0,"6":0,"7":0,"8":0,"9":0,"10":0,"11":0,"12":0,"13":0,"14":0,"15":0,"16":0,"17":0,"18":0,"19":0,"20":0,"21":0,"22":0,"23":0},"f":{"0":0,"1":0,"2":0,"3":0,"4":0,"5":0,"6":0},"b":{"0":[0,0],"1":[0,0]}}
}
